2024/11/11 17:13:32 Node 1 listening on localhost:5001
2024/11/11 17:13:39 Node 3 listening on localhost:5003
2024/11/11 17:13:44 Node 1 entering critical section
2024/11/11 17:13:46 Node 1 leaving critical section
2024/11/11 17:13:52 Failed to listen: listen tcp 127.0.0.1:5002: bind: address already in use
2024/11/11 17:14:06 Failed to pass token: rpc error: code = Unavailable desc = timed out waiting for server handshake
2024/11/11 17:14:06 Failed to request token: rpc error: code = Unavailable desc = error reading from server: EOF
2024/11/11 17:14:11 Failed to request token: rpc error: code = Unavailable desc = connection error: desc = "transport: Error while dialing dial tcp 127.0.0.1:5001: connect: connection refused"
2024/11/11 17:14:16 Failed to request token: rpc error: code = Unavailable desc = connection error: desc = "transport: Error while dialing dial tcp 127.0.0.1:5001: connect: connection refused"
2024/11/11 17:14:21 Failed to request token: rpc error: code = Unavailable desc = connection error: desc = "transport: Error while dialing dial tcp 127.0.0.1:5001: connect: connection refused"
2024/11/11 17:14:26 Failed to request token: rpc error: code = Unavailable desc = connection error: desc = "transport: Error while dialing dial tcp 127.0.0.1:5001: connect: connection refused"
2024/11/11 17:14:31 Failed to request token: rpc error: code = Unavailable desc = connection error: desc = "transport: Error while dialing dial tcp 127.0.0.1:5001: connect: connection refused"
2024/11/11 17:14:36 Failed to request token: rpc error: code = Unavailable desc = connection error: desc = "transport: Error while dialing dial tcp 127.0.0.1:5001: connect: connection refused"
2024/11/11 17:14:41 Failed to request token: rpc error: code = Unavailable desc = connection error: desc = "transport: Error while dialing dial tcp 127.0.0.1:5001: connect: connection refused"
2024/11/11 17:14:46 Failed to request token: rpc error: code = Unavailable desc = connection error: desc = "transport: Error while dialing dial tcp 127.0.0.1:5001: connect: connection refused"
2024/11/11 17:14:51 Failed to request token: rpc error: code = Unavailable desc = connection error: desc = "transport: Error while dialing dial tcp 127.0.0.1:5001: connect: connection refused"
2024/11/11 17:14:56 Failed to request token: rpc error: code = Unavailable desc = connection error: desc = "transport: Error while dialing dial tcp 127.0.0.1:5001: connect: connection refused"
2024/11/11 17:15:01 Failed to request token: rpc error: code = Unavailable desc = connection error: desc = "transport: Error while dialing dial tcp 127.0.0.1:5001: connect: connection refused"
2024/11/11 17:15:06 Failed to request token: rpc error: code = Unavailable desc = connection error: desc = "transport: Error while dialing dial tcp 127.0.0.1:5001: connect: connection refused"
2024/11/11 17:15:11 Failed to request token: rpc error: code = Unavailable desc = connection error: desc = "transport: Error while dialing dial tcp 127.0.0.1:5001: connect: connection refused"
2024/11/11 17:15:15 Failed to listen: listen tcp 127.0.0.1:5002: bind: address already in use
2024/11/11 17:15:16 Failed to request token: rpc error: code = Unavailable desc = connection error: desc = "transport: Error while dialing dial tcp 127.0.0.1:5001: connect: connection refused"
2024/11/11 17:15:21 Failed to request token: rpc error: code = Unavailable desc = connection error: desc = "transport: Error while dialing dial tcp 127.0.0.1:5001: connect: connection refused"
2024/11/11 17:16:37 Node 1 listening on localhost:5001
2024/11/11 17:16:41 Node 2 listening on localhost:5002
2024/11/11 17:16:45 Node 3 listening on localhost:5003
2024/11/11 17:16:50 Node 1 entering critical section
2024/11/11 17:16:52 Node 1 leaving critical section
2024/11/11 17:16:52 Node 2 entering critical section
2024/11/11 17:16:54 Node 2 leaving critical section
2024/11/11 17:16:56 Node 3 entering critical section
2024/11/11 17:16:58 Node 3 leaving critical section
2024/11/11 17:17:02 Node 1 entering critical section
2024/11/11 17:17:04 Node 1 leaving critical section
2024/11/11 17:17:04 Node 2 entering critical section
2024/11/11 17:17:06 Node 2 leaving critical section
2024/11/11 17:17:08 Node 3 entering critical section
2024/11/11 17:17:10 Node 3 leaving critical section
2024/11/11 17:17:14 Node 1 entering critical section
2024/11/11 17:17:16 Node 1 leaving critical section
2024/11/11 17:17:16 Node 2 entering critical section
2024/11/11 17:17:18 Node 2 leaving critical section
2024/11/11 17:17:20 Node 3 entering critical section
2024/11/11 17:17:22 Node 3 leaving critical section
2024/11/11 17:17:26 Node 1 entering critical section
2024/11/11 17:17:28 Node 1 leaving critical section
2024/11/11 17:17:28 Node 2 entering critical section
2024/11/11 17:17:30 Node 2 leaving critical section
2024/11/11 17:17:32 Node 3 entering critical section
2024/11/11 17:17:34 Node 3 leaving critical section
2024/11/11 17:17:38 Node 1 entering critical section
2024/11/11 17:17:40 Node 1 leaving critical section
2024/11/11 17:17:40 Node 2 entering critical section
2024/11/11 17:17:42 Node 2 leaving critical section
2024/11/11 17:17:44 Node 3 entering critical section
2024/11/11 17:17:46 Node 3 leaving critical section
2024/11/11 17:17:50 Node 1 entering critical section
2024/11/11 17:17:52 Node 1 leaving critical section
2024/11/11 17:17:52 Node 2 entering critical section
2024/11/11 17:17:54 Node 2 leaving critical section
2024/11/11 17:17:56 Node 3 entering critical section
2024/11/11 17:17:58 Node 3 leaving critical section
2024/11/11 17:18:02 Node 1 entering critical section
2024/11/11 17:18:04 Node 1 leaving critical section
2024/11/11 17:18:04 Node 2 entering critical section
2024/11/11 17:18:06 Node 2 leaving critical section
2024/11/11 17:18:08 Node 3 entering critical section
2024/11/11 17:18:10 Node 3 leaving critical section
2024/11/11 17:18:14 Node 1 entering critical section
2024/11/11 17:18:16 Node 1 leaving critical section
2024/11/11 17:18:16 Node 2 entering critical section
2024/11/11 17:18:18 Node 2 leaving critical section
2024/11/11 17:18:20 Node 3 entering critical section
2024/11/11 17:18:22 Node 3 leaving critical section
2024/11/11 17:18:26 Node 1 entering critical section
2024/11/11 17:18:28 Node 1 leaving critical section
2024/11/11 17:18:28 Node 2 entering critical section
2024/11/11 17:18:30 Node 2 leaving critical section
2024/11/11 17:18:32 Node 3 entering critical section
2024/11/11 17:18:34 Node 3 leaving critical section
2024/11/11 17:18:38 Node 1 entering critical section
2024/11/11 17:18:40 Node 1 leaving critical section
2024/11/11 17:18:40 Node 2 entering critical section
2024/11/11 17:18:42 Node 2 leaving critical section
2024/11/11 17:18:44 Node 3 entering critical section
2024/11/11 17:18:46 Node 3 leaving critical section
2024/11/11 17:18:50 Node 1 entering critical section
2024/11/11 17:18:52 Node 1 leaving critical section
2024/11/11 17:18:52 Node 2 entering critical section
2024/11/11 17:18:54 Node 2 leaving critical section
2024/11/11 17:18:56 Node 3 entering critical section
2024/11/11 17:18:58 Node 3 leaving critical section
2024/11/11 17:19:02 Node 1 entering critical section
2024/11/11 17:25:09 Node 1 listening on localhost:5001
2024/11/11 17:25:09 Node 3 listening on localhost:5003
2024/11/11 17:25:09 Node 2 listening on localhost:5002
2024/11/11 17:25:14 Node 1 entering critical section
2024/11/11 17:25:16 Node 1 leaving critical section
2024/11/11 17:25:19 Node 2 entering critical section
2024/11/11 17:25:21 Node 2 leaving critical section
2024/11/11 17:25:24 Node 3 entering critical section
2024/11/11 17:25:26 Node 3 leaving critical section
2024/11/11 17:25:31 Node 1 entering critical section
2024/11/11 17:25:33 Node 1 leaving critical section
2024/11/11 17:25:36 Node 2 entering critical section
2024/11/11 17:25:38 Node 2 leaving critical section
2024/11/11 17:25:41 Node 3 entering critical section
2024/11/11 17:25:43 Node 3 leaving critical section
2024/11/11 17:25:48 Node 1 entering critical section
2024/11/11 17:25:50 Node 1 leaving critical section
2024/11/11 17:25:53 Node 2 entering critical section
2024/11/11 17:25:55 Node 2 leaving critical section
2024/11/11 17:25:58 Node 3 entering critical section
2024/11/11 17:26:00 Node 3 leaving critical section
2024/11/11 17:26:05 Node 1 entering critical section
2024/11/11 17:26:07 Node 1 leaving critical section
2024/11/11 17:26:10 Node 2 entering critical section
2024/11/11 17:26:12 Node 2 leaving critical section
2024/11/11 17:26:15 Node 3 entering critical section
2024/11/11 17:26:17 Node 3 leaving critical section
2024/11/11 17:26:22 Node 1 entering critical section
2024/11/11 17:26:24 Node 1 leaving critical section
2024/11/11 17:26:27 Node 2 entering critical section
2024/11/11 17:26:29 Node 2 leaving critical section
2024/11/11 17:26:32 Node 3 entering critical section
2024/11/11 17:26:34 Node 3 leaving critical section
2024/11/11 17:26:39 Node 1 entering critical section
2024/11/11 17:26:41 Node 1 leaving critical section
2024/11/11 17:26:44 Node 2 entering critical section
2024/11/11 17:26:46 Node 2 leaving critical section
2024/11/11 17:26:49 Node 3 entering critical section
2024/11/11 17:26:51 Node 3 leaving critical section
2024/11/11 17:26:56 Node 1 entering critical section
2024/11/11 17:26:58 Node 1 leaving critical section
2024/11/11 17:27:01 Node 2 entering critical section
2024/11/11 17:27:03 Node 2 leaving critical section
2024/11/11 17:27:06 Node 3 entering critical section
2024/11/11 17:27:08 Node 3 leaving critical section
2024/11/11 17:27:13 Node 1 entering critical section
2024/11/11 17:27:15 Node 1 leaving critical section
2024/11/11 17:27:18 Node 2 entering critical section
2024/11/11 17:27:20 Node 2 leaving critical section
2024/11/11 17:27:23 Node 3 entering critical section
2024/11/11 17:27:25 Node 3 leaving critical section
2024/11/11 17:27:30 Node 1 entering critical section
2024/11/11 17:27:32 Node 1 leaving critical section
2024/11/11 17:27:35 Node 2 entering critical section
2024/11/11 17:27:37 Node 2 leaving critical section
2024/11/11 17:27:40 Node 3 entering critical section
2024/11/11 17:27:42 Node 3 leaving critical section
2024/11/11 17:27:47 Node 1 entering critical section
2024/11/11 17:27:49 Node 1 leaving critical section
2024/11/11 17:27:52 Node 2 entering critical section
2024/11/11 17:27:54 Node 2 leaving critical section
2024/11/11 17:27:57 Node 3 entering critical section
2024/11/11 17:27:59 Node 3 leaving critical section
2024/11/11 17:28:04 Node 1 entering critical section
2024/11/11 17:28:06 Node 1 leaving critical section
2024/11/11 17:28:09 Node 2 entering critical section
2024/11/11 17:28:11 Node 2 leaving critical section
2024/11/11 17:28:14 Node 3 entering critical section
2024/11/11 17:28:16 Node 3 leaving critical section
2024/11/11 17:28:21 Failed to request token: rpc error: code = Unavailable desc = connection error: desc = "transport: Error while dialing dial tcp [::1]:5001: connectex: Der kunne ikke oprettes forbindelse, fordi destinationscomputeren aktivt nægtede det."
2024/11/11 18:16:40 Node 1 listening on localhost:5001
2024/11/11 18:16:46 Node 2 listening on localhost:5002
2024/11/11 18:16:51 Failed to request token: rpc error: code = Unavailable desc = connection error: desc = "transport: Error while dialing dial tcp [::1]:5003: connectex: Der kunne ikke oprettes forbindelse, fordi destinationscomputeren aktivt nægtede det."
2024/11/11 18:16:51 Node 3 listening on localhost:5003
2024/11/11 18:16:56 Node 1 entering critical section
2024/11/11 18:16:58 Node 1 leaving critical section
2024/11/11 18:17:00 Node 2 entering critical section
2024/11/11 18:17:02 Node 2 leaving critical section
2024/11/11 18:17:06 Node 3 entering critical section
2024/11/11 18:17:08 Node 3 leaving critical section
2024/11/11 18:17:08 Node 1 entering critical section
2024/11/11 18:17:10 Node 1 leaving critical section
2024/11/11 18:17:12 Node 2 entering critical section
2024/11/11 18:17:14 Node 2 leaving critical section
2024/11/11 18:17:18 Node 3 entering critical section
2024/11/11 18:17:20 Node 3 leaving critical section
2024/11/11 18:17:20 Node 1 entering critical section
2024/11/11 18:17:22 Node 1 leaving critical section
2024/11/11 18:17:24 Node 2 entering critical section
2024/11/11 18:17:26 Node 2 leaving critical section
2024/11/11 18:17:30 Node 3 entering critical section
2024/11/11 18:17:32 Node 3 leaving critical section
2024/11/11 18:17:32 Node 1 entering critical section
2024/11/11 18:17:34 Node 1 leaving critical section
2024/11/11 18:17:36 Node 2 entering critical section
2024/11/11 18:17:38 Node 2 leaving critical section
2024/11/11 18:17:42 Node 3 entering critical section
2024/11/11 18:17:44 Node 3 leaving critical section
2024/11/11 18:17:44 Node 1 entering critical section
2024/11/11 18:17:46 Node 1 leaving critical section
2024/11/11 18:17:48 Node 2 entering critical section
2024/11/11 18:17:50 Node 2 leaving critical section
2024/11/11 18:17:54 Node 3 entering critical section
2024/11/11 18:17:56 Node 3 leaving critical section
2024/11/11 18:17:56 Node 1 entering critical section
2024/11/11 18:17:58 Node 1 leaving critical section
2024/11/11 18:18:00 Node 2 entering critical section
2024/11/11 18:18:02 Node 2 leaving critical section
2024/11/11 18:18:06 Node 3 entering critical section
2024/11/11 18:18:08 Node 3 leaving critical section
2024/11/11 18:18:08 Node 1 entering critical section
2024/11/11 18:18:10 Node 1 leaving critical section
2024/11/11 18:18:12 Node 2 entering critical section
2024/11/11 18:18:14 Node 2 leaving critical section
2024/11/11 18:18:18 Node 3 entering critical section
2024/11/11 18:18:20 Node 3 leaving critical section
2024/11/11 18:18:20 Node 1 entering critical section
2024/11/11 18:18:22 Node 1 leaving critical section
2024/11/11 18:18:24 Node 2 entering critical section
2024/11/11 18:18:26 Node 2 leaving critical section
2024/11/11 18:18:30 Node 3 entering critical section
2024/11/11 18:18:32 Node 3 leaving critical section
2024/11/11 18:18:32 Node 1 entering critical section
2024/11/11 18:18:34 Node 1 leaving critical section
2024/11/11 18:18:36 Node 2 entering critical section
2024/11/11 18:18:38 Node 2 leaving critical section
2024/11/11 18:18:42 Node 3 entering critical section
2024/11/11 18:18:44 Node 3 leaving critical section
2024/11/11 18:18:44 Node 1 entering critical section
2024/11/11 18:18:46 Node 1 leaving critical section
2024/11/11 18:18:48 Node 2 entering critical section
2024/11/11 18:18:50 Node 2 leaving critical section
2024/11/11 18:18:54 Node 3 entering critical section
2024/11/11 18:18:56 Node 3 leaving critical section
2024/11/11 18:18:56 Node 1 entering critical section
2024/11/11 18:18:58 Node 1 leaving critical section
2024/11/11 18:19:00 Node 2 entering critical section
2024/11/11 18:19:02 Node 2 leaving critical section
2024/11/11 18:19:06 Node 3 entering critical section
2024/11/11 18:19:08 Node 3 leaving critical section
2024/11/11 18:19:08 Node 1 entering critical section
2024/11/11 18:19:10 Node 1 leaving critical section
2024/11/11 18:19:12 Node 2 entering critical section
2024/11/11 18:19:14 Node 2 leaving critical section
2024/11/11 18:19:18 Node 3 entering critical section
2024/11/11 18:19:20 Node 3 leaving critical section
2024/11/11 18:19:20 Node 1 entering critical section
2024/11/11 18:19:22 Node 1 leaving critical section
2024/11/11 18:19:24 Node 2 entering critical section
2024/11/11 18:19:26 Node 2 leaving critical section
2024/11/11 18:19:30 Node 3 entering critical section
2024/11/11 18:19:32 Node 3 leaving critical section
2024/11/11 18:19:32 Node 1 entering critical section
2024/11/11 18:19:34 Node 1 leaving critical section
2024/11/11 18:19:36 Node 2 entering critical section
2024/11/11 18:19:38 Node 2 leaving critical section
2024/11/11 18:19:42 Node 3 entering critical section
2024/11/11 18:19:44 Node 3 leaving critical section
2024/11/11 18:19:44 Node 1 entering critical section
2024/11/11 18:19:46 Node 1 leaving critical section
2024/11/11 18:19:48 Node 2 entering critical section
2024/11/11 18:19:50 Node 2 leaving critical section
2024/11/11 18:19:54 Node 3 entering critical section
2024/11/11 18:19:56 Node 3 leaving critical section
2024/11/11 18:19:56 Node 1 entering critical section
2024/11/11 18:19:58 Node 1 leaving critical section
2024/11/11 18:20:00 Node 2 entering critical section
2024/11/11 18:20:02 Node 2 leaving critical section
2024/11/11 18:20:06 Node 3 entering critical section
2024/11/11 18:20:08 Node 3 leaving critical section
2024/11/11 18:20:08 Node 1 entering critical section
2024/11/11 18:20:10 Node 1 leaving critical section
2024/11/11 18:20:12 Node 2 entering critical section
2024/11/11 18:20:14 Node 2 leaving critical section
2024/11/11 18:20:18 Node 3 entering critical section
2024/11/11 18:20:20 Node 3 leaving critical section
2024/11/11 18:20:20 Node 1 entering critical section
2024/11/11 18:20:22 Node 1 leaving critical section
2024/11/11 18:20:24 Node 2 entering critical section
2024/11/11 18:20:26 Node 2 leaving critical section
2024/11/11 18:20:30 Node 3 entering critical section
2024/11/11 18:20:32 Node 3 leaving critical section
2024/11/11 18:20:32 Node 1 entering critical section
2024/11/11 18:20:34 Node 1 leaving critical section
2024/11/11 18:20:36 Node 2 entering critical section
2024/11/11 18:20:38 Node 2 leaving critical section
2024/11/11 18:20:42 Node 3 entering critical section
2024/11/11 18:20:44 Node 3 leaving critical section
2024/11/11 18:20:44 Node 1 entering critical section
2024/11/11 18:20:46 Node 1 leaving critical section
2024/11/11 18:20:48 Node 2 entering critical section
2024/11/11 18:20:50 Node 2 leaving critical section
2024/11/11 18:20:54 Node 3 entering critical section
2024/11/11 18:20:56 Node 3 leaving critical section
2024/11/11 18:20:56 Node 1 entering critical section
2024/11/11 18:20:58 Node 1 leaving critical section
2024/11/11 18:21:00 Node 2 entering critical section
2024/11/11 18:21:02 Node 2 leaving critical section
2024/11/11 18:21:06 Node 3 entering critical section
2024/11/11 18:21:08 Node 3 leaving critical section
2024/11/11 18:21:08 Node 1 entering critical section
2024/11/11 18:21:10 Node 1 leaving critical section
2024/11/11 18:21:12 Node 2 entering critical section
2024/11/11 18:21:14 Node 2 leaving critical section
2024/11/11 18:21:18 Node 3 entering critical section
2024/11/11 18:21:20 Node 3 leaving critical section
2024/11/11 18:21:20 Node 1 entering critical section
2024/11/11 18:21:22 Node 1 leaving critical section
2024/11/11 18:21:24 Node 2 entering critical section
2024/11/11 18:21:26 Node 2 leaving critical section
2024/11/11 18:21:30 Node 3 entering critical section
2024/11/11 18:21:32 Node 3 leaving critical section
2024/11/11 18:21:32 Node 1 entering critical section
2024/11/11 18:21:34 Node 1 leaving critical section
2024/11/11 18:21:36 Node 2 entering critical section
2024/11/11 18:21:38 Node 2 leaving critical section
2024/11/11 18:21:42 Failed to request token: rpc error: code = Unavailable desc = connection error: desc = "transport: Error while dialing dial tcp [::1]:5003: connectex: Der kunne ikke oprettes forbindelse, fordi destinationscomputeren aktivt nægtede det."
